{
  "label": "simplified-git",
  "level": "info",
  "message": "Logger initialized for simplified-git",
  "time": "2026-07-17T16:12:02.880Z"
}
{
  "label": "simplified-git",
  "level": "info",
  "message": "Start logging with log level: debug",
  "time": "2026-07-17T16:12:02.881Z"
}
{
  "label": "simplified-git",
  "level": "info",
  "message": "Full logs can be found in the folder: /home/user/.vscode/data/logs/20260717T160833/exthost1/SAPSE.simplified-git",
  "time": "2026-07-17T16:12:02.881Z"
}
{
  "label": "simplified-git",
  "level": "info",
  "message": "simplified-git extension activated",
  "time": "2026-07-17T16:12:02.881Z"
}
{
  "label": "simplified-git.ActionProxy",
  "level": "info",
  "message": "Registering action handler ys ...",
  "time": "2026-07-17T16:12:03.175Z"
}
{
  "label": "simplified-git.ActionProxy",
  "level": "info",
  "message": "Registered ys successfully",
  "time": "2026-07-17T16:12:03.175Z"
}
{
  "label": "simplified-git.ActionProxy",
  "level": "info",
  "message": "Registering action handler fs ...",
  "time": "2026-07-17T16:12:03.175Z"
}
{
  "label": "simplified-git.ActionProxy",
  "level": "info",
  "message": "Registered fs successfully",
  "time": "2026-07-17T16:12:03.175Z"
}
{
  "label": "simplified-git.ActionProxy",
  "level": "info",
  "message": "Registering action handler ls ...",
  "time": "2026-07-17T16:12:03.175Z"
}
{
  "label": "simplified-git.ActionProxy",
  "level": "info",
  "message": "Registered ls successfully",
  "time": "2026-07-17T16:12:03.175Z"
}
{
  "label": "simplified-git.ActionProxy",
  "level": "info",
  "message": "Registering action handler ps ...",
  "time": "2026-07-17T16:12:03.175Z"
}
{
  "label": "simplified-git.ActionProxy",
  "level": "info",
  "message": "Registered ps successfully",
  "time": "2026-07-17T16:12:03.175Z"
}
{
  "label": "simplified-git.ActionProxy",
  "level": "info",
  "message": "Registering action handler gs ...",
  "time": "2026-07-17T16:12:03.175Z"
}
{
  "label": "simplified-git.ActionProxy",
  "level": "info",
  "message": "Registered gs successfully",
  "time": "2026-07-17T16:12:03.176Z"
}
{
  "label": "simplified-git.ActionProxy",
  "level": "info",
  "message": "Registering action handler ms ...",
  "time": "2026-07-17T16:12:03.176Z"
}
{
  "label": "simplified-git.ActionProxy",
  "level": "info",
  "message": "Registered ms successfully",
  "time": "2026-07-17T16:12:03.176Z"
}
{
  "label": "simplified-git.ActionProxy",
  "level": "info",
  "message": "Registering action handler hs ...",
  "time": "2026-07-17T16:12:03.176Z"
}
{
  "label": "simplified-git.ActionProxy",
  "level": "info",
  "message": "Registered hs successfully",
  "time": "2026-07-17T16:12:03.176Z"
}
{
  "label": "simplified-git.ActionProxy",
  "level": "info",
  "message": "Registering action handler _s ...",
  "time": "2026-07-17T16:12:03.176Z"
}
{
  "label": "simplified-git.ActionProxy",
  "level": "info",
  "message": "Registered _s successfully",
  "time": "2026-07-17T16:12:03.176Z"
}
{
  "label": "simplified-git.ActionProxy",
  "level": "info",
  "message": "Registering action handler os ...",
  "time": "2026-07-17T16:12:03.176Z"
}
{
  "label": "simplified-git.ActionProxy",
  "level": "info",
  "message": "Registered os successfully",
  "time": "2026-07-17T16:12:03.176Z"
}
{
  "label": "simplified-git.ActionProxy",
  "level": "info",
  "message": "Registering action handler cs ...",
  "time": "2026-07-17T16:12:03.176Z"
}
{
  "label": "simplified-git.ActionProxy",
  "level": "info",
  "message": "Registered cs successfully",
  "time": "2026-07-17T16:12:03.176Z"
}
{
  "label": "simplified-git.ActionProxy",
  "level": "info",
  "message": "Registering action handler ds ...",
  "time": "2026-07-17T16:12:03.176Z"
}
{
  "label": "simplified-git.ActionProxy",
  "level": "info",
  "message": "Registered ds successfully",
  "time": "2026-07-17T16:12:03.176Z"
}
{
  "label": "simplified-git.ActionProxy",
  "level": "info",
  "message": "Registering action handler us ...",
  "time": "2026-07-17T16:12:03.176Z"
}
{
  "label": "simplified-git.ActionProxy",
  "level": "info",
  "message": "Registered us successfully",
  "time": "2026-07-17T16:12:03.176Z"
}
{
  "label": "simplified-git.ActionProxy",
  "level": "info",
  "message": "Registering action handler Dn ...",
  "time": "2026-07-17T16:12:03.176Z"
}
{
  "label": "simplified-git.ActionProxy",
  "level": "info",
  "message": "Registered Dn successfully",
  "time": "2026-07-17T16:12:03.176Z"
}
{
  "label": "simplified-git.ActionProxy",
  "level": "info",
  "message": "Registering action handler vs ...",
  "time": "2026-07-17T16:12:03.176Z"
}
{
  "label": "simplified-git.ActionProxy",
  "level": "info",
  "message": "Registered vs successfully",
  "time": "2026-07-17T16:12:03.176Z"
}
{
  "label": "simplified-git.ActionProxy",
  "level": "info",
  "message": "Registering action handler Ss ...",
  "time": "2026-07-17T16:12:03.176Z"
}
{
  "label": "simplified-git.ActionProxy",
  "level": "info",
  "message": "Registered Ss successfully",
  "time": "2026-07-17T16:12:03.176Z"
}
{
  "label": "simplified-git.ActionProxy",
  "level": "info",
  "message": "Registering action handler qn ...",
  "time": "2026-07-17T16:12:03.176Z"
}
{
  "label": "simplified-git.ActionProxy",
  "level": "info",
  "message": "Registered qn successfully",
  "time": "2026-07-17T16:12:03.176Z"
}
{
  "label": "simplified-git.ActionProxy",
  "level": "info",
  "message": "Registering action handler ws ...",
  "time": "2026-07-17T16:12:03.176Z"
}
{
  "label": "simplified-git.ActionProxy",
  "level": "info",
  "message": "Registered ws successfully",
  "time": "2026-07-17T16:12:03.176Z"
}
{
  "label": "simplified-git.ActionProxy",
  "level": "info",
  "message": "Registering action handler bs ...",
  "time": "2026-07-17T16:12:03.176Z"
}
{
  "label": "simplified-git.ActionProxy",
  "level": "info",
  "message": "Registered bs successfully",
  "time": "2026-07-17T16:12:03.176Z"
}
{
  "label": "simplified-git.ActionProxy",
  "level": "info",
  "message": "Registering action handler as ...",
  "time": "2026-07-17T16:12:03.176Z"
}
{
  "label": "simplified-git.ActionProxy",
  "level": "info",
  "message": "Registered as successfully",
  "time": "2026-07-17T16:12:03.176Z"
}
{
  "label": "simplified-git.InitActionHandler",
  "level": "debug",
  "message": "Processing Init Action...",
  "time": "2026-07-17T16:12:04.817Z"
}
{
  "label": "simplified-git.GitServiceImpl",
  "level": "warn",
  "message": "Failed to get remote: Error: error: No such remote 'origin'\n",
  "time": "2026-07-17T16:12:04.829Z"
}
{
  "label": "simplified-git.GitServiceImpl",
  "level": "warn",
  "message": "Unexpected error: fatal: no upstream configured for branch 'main'\n",
  "time": "2026-07-17T16:12:04.846Z"
}
{
  "label": "simplified-git.InitActionHandler",
  "level": "debug",
  "message": "Repository: /home/user/projects/project1 - new",
  "time": "2026-07-17T16:12:04.936Z"
}
{
  "label": "simplified-git.AddRemoteRepositoryActionHandler",
  "level": "error",
  "message": "User did not provide a valid remote repository URL",
  "time": "2026-07-17T16:21:33.147Z"
}
{
  "label": "simplified-git.CommitAndSyncActionHandler",
  "level": "debug",
  "message": "Committing and syncing repository...",
  "time": "2026-07-17T16:21:45.037Z"
}
